<?xml version="1.0" encoding="UTF-8" ?>
<testsuite failures="0" time="315.103" errors="0" skipped="0" tests="19" name="net.mylearnings.RunCukesTest">
  <properties>
[...]
</properties>
  <testcase time="0.001" classname="Scenario: create SIM\u002C create Prepaid and Postpaid subscriber and gather logs\u002C screenshots and DB data" name="Given Configurations"/>
  <testcase time="0" classname="Scenario: create SIM\u002C create Prepaid and Postpaid subscriber and gather logs\u002C screenshots and DB data" name="When Create SIM"/>
  <testcase time="0" classname="Scenario: create SIM\u002C create Prepaid and Postpaid subscriber and gather logs\u002C screenshots and DB data" name="And Create Account"/>
  <testcase time="0" classname="Scenario: create SIM\u002C create Prepaid and Postpaid subscriber and gather logs\u002C screenshots and DB data" name="And Start LogCollector"/>
  <testcase time="0" classname="Scenario: create SIM\u002C create Prepaid and Postpaid subscriber and gather logs\u002C screenshots and DB data" name="And Create \&quot;Prepaid\&quot; Subscriber with PP \&quot;100026\&quot; and initial Balance \&quot;$1000.00\&quot;"/>
  <testcase time="0" classname="Scenario: create SIM\u002C create Prepaid and Postpaid subscriber and gather logs\u002C screenshots and DB data" name="And Collect Logs"/>
  <testcase time="0.001" classname="Scenario: create SIM\u002C create Prepaid and Postpaid subscriber and gather logs\u002C screenshots and DB data" name="And Gather \&quot;Account\&quot; level \&quot;Transactions\&quot;"/>
  <testcase time="0" classname="Scenario: create SIM\u002C create Prepaid and Postpaid subscriber and gather logs\u002C screenshots and DB data" name="And Gather \&quot;Account\&quot; level \&quot;Notes\&quot;"/>
  <testcase time="0.001" classname="Scenario: create SIM\u002C create Prepaid and Postpaid subscriber and gather logs\u002C screenshots and DB data" name="And Gather \&quot;Account\&quot; level \&quot;UsageBalance\&quot;"/>
  <testcase time="0" classname="Scenario: create SIM\u002C create Prepaid and Postpaid subscriber and gather logs\u002C screenshots and DB data" name="And Gather \&quot;Subscriber\&quot; level \&quot;MobileNumberTab\&quot;"/>
  <testcase time="0" classname="Scenario: create SIM\u002C create Prepaid and Postpaid subscriber and gather logs\u002C screenshots and DB data" name="And Gather \&quot;Subscriber\&quot; level \&quot;BillingInfoTab\&quot;"/>
  <testcase time="0" classname="Scenario: create SIM\u002C create Prepaid and Postpaid subscriber and gather logs\u002C screenshots and DB data" name="And Gather \&quot;Subscriber\&quot; level \&quot;RatingTab\&quot;"/>
  <testcase time="0" classname="Scenario: create SIM\u002C create Prepaid and Postpaid subscriber and gather logs\u002C screenshots and DB data" name="And Gather \&quot;Subscriber\&quot; level \&quot;Transactions\&quot;"/>
  <testcase time="0" classname="Scenario: create SIM\u002C create Prepaid and Postpaid subscriber and gather logs\u002C screenshots and DB data" name="And Gather \&quot;Subscriber\&quot; level \&quot;Notes\&quot;"/>
  <testcase time="0" classname="Scenario: create SIM\u002C create Prepaid and Postpaid subscriber and gather logs\u002C screenshots and DB data" name="And Gather \&quot;Subscriber\&quot; level \&quot;UsageBalance\&quot;"/>
  <testcase time="0" classname="Scenario: create SIM\u002C create Prepaid and Postpaid subscriber and gather logs\u002C screenshots and DB data" name="And Gather \&quot;Subscriber\&quot; level \&quot;CallDetails\&quot;"/>
  <testcase time="0" classname="Scenario: create SIM\u002C create Prepaid and Postpaid subscriber and gather logs\u002C screenshots and DB data" name="And GatherDBData using query \&quot;getTransactions\&quot;"/>
  <testcase time="0" classname="Scenario: create SIM\u002C create Prepaid and Postpaid subscriber and gather logs\u002C screenshots and DB data" name="Then Verify that subscriber created in \&quot;Activated\&quot; state"/>
  <testcase time="1.281" classname="Scenario: create SIM\u002C create Prepaid and Postpaid subscriber and gather logs\u002C screenshots and DB data" name="Scenario: create SIM\u002C create Prepaid and Postpaid subscriber and gather logs\u002C screenshots and DB data"/>
</testsuite>